[debug] [2021-07-14T13:07:36.200Z] ----------------------------------------------------------------------
[debug] [2021-07-14T13:07:36.202Z] Command:       /usr/bin/node /usr/bin/firebase deploy
[debug] [2021-07-14T13:07:36.202Z] CLI Version:   9.16.0
[debug] [2021-07-14T13:07:36.202Z] Platform:      linux
[debug] [2021-07-14T13:07:36.203Z] Node Version:  v14.17.2
[debug] [2021-07-14T13:07:36.203Z] Time:          Wed Jul 14 2021 18:37:36 GMT+0530 (India Standard Time)
[debug] [2021-07-14T13:07:36.203Z] ----------------------------------------------------------------------
[debug] 
[debug] [2021-07-14T13:07:36.269Z] > command requires scopes: ["email","openid","https://www.googleapis.com/auth/cloudplatformprojects.readonly","https://www.googleapis.com/auth/firebase","https://www.googleapis.com/auth/cloud-platform"]
[debug] [2021-07-14T13:07:36.269Z] > authorizing via signed-in user (yash.nsit17@gmail.com)
[debug] [2021-07-14T13:07:36.269Z] [iam] checking project drawza for permissions ["firebase.projects.get","firebasehosting.sites.update"]
[debug] [2021-07-14T13:07:36.271Z] >>> HTTP REQUEST POST https://cloudresourcemanager.googleapis.com/v1/projects/drawza:testIamPermissions  
 {"permissions":["firebase.projects.get","firebasehosting.sites.update"]}
[debug] [2021-07-14T13:07:38.111Z] <<< HTTP RESPONSE 200 {"content-type":"application/json; charset=UTF-8","vary":"X-Origin, Referer, Origin,Accept-Encoding","date":"Wed, 14 Jul 2021 13:07:37 GMT","server":"ESF","cache-control":"private","x-xss-protection":"0","x-frame-options":"SAMEORIGIN","x-content-type-options":"nosniff","server-timing":"gfet4t7; dur=1326","alt-svc":"h3=\":443\"; ma=2592000,h3-29=\":443\"; ma=2592000,h3-T051=\":443\"; ma=2592000,h3-Q050=\":443\"; ma=2592000,h3-Q046=\":443\"; ma=2592000,h3-Q043=\":443\"; ma=2592000,quic=\":443\"; ma=2592000; v=\"46,43\"","accept-ranges":"none","transfer-encoding":"chunked"}
[debug] [2021-07-14T13:07:38.118Z] > refreshing access token with scopes: []
[debug] [2021-07-14T13:07:38.119Z] >>> HTTP REQUEST POST https://www.googleapis.com/oauth2/v3/token  
 <request body omitted>
[debug] [2021-07-14T13:07:38.463Z] <<< HTTP RESPONSE 200 {"date":"Wed, 14 Jul 2021 13:07:38 GMT","expires":"Mon, 01 Jan 1990 00:00:00 GMT","cache-control":"no-cache, no-store, max-age=0, must-revalidate","pragma":"no-cache","content-type":"application/json; charset=utf-8","vary":"X-Origin, Referer, Origin,Accept-Encoding","server":"scaffolding on HTTPServer2","x-xss-protection":"0","x-frame-options":"SAMEORIGIN","x-content-type-options":"nosniff","alt-svc":"h3=\":443\"; ma=2592000,h3-29=\":443\"; ma=2592000,h3-T051=\":443\"; ma=2592000,h3-Q050=\":443\"; ma=2592000,h3-Q046=\":443\"; ma=2592000,h3-Q043=\":443\"; ma=2592000,quic=\":443\"; ma=2592000; v=\"46,43\"","accept-ranges":"none","transfer-encoding":"chunked"}
[debug] [2021-07-14T13:07:38.485Z] >>> [apiv2][query] GET https://firebase.googleapis.com/v1beta1/projects/drawza [none]
[debug] [2021-07-14T13:07:39.344Z] <<< [apiv2][status] GET https://firebase.googleapis.com/v1beta1/projects/drawza 200
[debug] [2021-07-14T13:07:39.344Z] <<< [apiv2][body] GET https://firebase.googleapis.com/v1beta1/projects/drawza {"projectId":"drawza","projectNumber":"437968562401","displayName":"draw","name":"projects/drawza","resources":{"hostingSite":"drawza"},"state":"ACTIVE"}
[info] 
[info] === Deploying to 'drawza'...
[info] 
[info] i  deploying hosting 
[debug] [2021-07-14T13:07:39.348Z] > refreshing access token with scopes: ["email","https://www.googleapis.com/auth/cloud-platform","https://www.googleapis.com/auth/cloudplatformprojects.readonly","https://www.googleapis.com/auth/firebase","openid"]
[debug] [2021-07-14T13:07:39.348Z] >>> HTTP REQUEST POST https://www.googleapis.com/oauth2/v3/token  
 <request body omitted>
[debug] [2021-07-14T13:07:39.680Z] <<< HTTP RESPONSE 200 {"date":"Wed, 14 Jul 2021 13:07:39 GMT","cache-control":"no-cache, no-store, max-age=0, must-revalidate","expires":"Mon, 01 Jan 1990 00:00:00 GMT","pragma":"no-cache","content-type":"application/json; charset=utf-8","vary":"X-Origin, Referer, Origin,Accept-Encoding","server":"scaffolding on HTTPServer2","x-xss-protection":"0","x-frame-options":"SAMEORIGIN","x-content-type-options":"nosniff","alt-svc":"h3=\":443\"; ma=2592000,h3-29=\":443\"; ma=2592000,h3-T051=\":443\"; ma=2592000,h3-Q050=\":443\"; ma=2592000,h3-Q046=\":443\"; ma=2592000,h3-Q043=\":443\"; ma=2592000,quic=\":443\"; ma=2592000; v=\"46,43\"","accept-ranges":"none","transfer-encoding":"chunked"}
[debug] [2021-07-14T13:07:39.698Z] >>> HTTP REQUEST POST https://firebasehosting.googleapis.com/v1beta1/sites/drawza/versions  
 {"config":{"rewrites":[{"glob":"**","path":"/index.html"}]},"labels":{"deployment-tool":"cli-firebase"}}
[debug] [2021-07-14T13:07:42.091Z] <<< HTTP RESPONSE 200 {"content-type":"application/json; charset=UTF-8","vary":"X-Origin, Referer, Origin,Accept-Encoding","date":"Wed, 14 Jul 2021 13:07:41 GMT","server":"ESF","cache-control":"private","x-xss-protection":"0","x-frame-options":"SAMEORIGIN","x-content-type-options":"nosniff","alt-svc":"h3=\":443\"; ma=2592000,h3-29=\":443\"; ma=2592000,h3-T051=\":443\"; ma=2592000,h3-Q050=\":443\"; ma=2592000,h3-Q046=\":443\"; ma=2592000,h3-Q043=\":443\"; ma=2592000,quic=\":443\"; ma=2592000; v=\"46,43\"","accept-ranges":"none","transfer-encoding":"chunked"}
[info] i  hosting[drawza]: beginning deploy... 
[info] i  hosting[drawza]: found 15 files in build 
[debug] [2021-07-14T13:07:42.589Z] > refreshing access token with scopes: []
[debug] [2021-07-14T13:07:42.589Z] >>> HTTP REQUEST POST https://www.googleapis.com/oauth2/v3/token  
 <request body omitted>
[debug] [2021-07-14T13:07:42.590Z] [hosting] hash cache [YnVpbGQ] stored for 15 files
[debug] [2021-07-14T13:07:42.590Z] [hosting][hash queue][FINAL] {"max":483,"min":10,"avg":50.6,"active":0,"complete":15,"success":15,"errored":0,"retried":0,"total":15,"elapsed":488}
[debug] [2021-07-14T13:07:43.237Z] <<< HTTP RESPONSE 200 {"pragma":"no-cache","date":"Wed, 14 Jul 2021 13:07:43 GMT","expires":"Mon, 01 Jan 1990 00:00:00 GMT","cache-control":"no-cache, no-store, max-age=0, must-revalidate","content-type":"application/json; charset=utf-8","vary":"X-Origin, Referer, Origin,Accept-Encoding","server":"scaffolding on HTTPServer2","x-xss-protection":"0","x-frame-options":"SAMEORIGIN","x-content-type-options":"nosniff","alt-svc":"h3=\":443\"; ma=2592000,h3-29=\":443\"; ma=2592000,h3-T051=\":443\"; ma=2592000,h3-Q050=\":443\"; ma=2592000,h3-Q046=\":443\"; ma=2592000,h3-Q043=\":443\"; ma=2592000,quic=\":443\"; ma=2592000; v=\"46,43\"","accept-ranges":"none","transfer-encoding":"chunked"}
[debug] [2021-07-14T13:07:43.259Z] >>> [apiv2][query] POST https://firebasehosting.googleapis.com/v1beta1/sites/drawza/versions/98286cbb7509598c:populateFiles [none]
[debug] [2021-07-14T13:07:43.259Z] >>> [apiv2][body] POST https://firebasehosting.googleapis.com/v1beta1/sites/drawza/versions/98286cbb7509598c:populateFiles {"files":{"/asset-manifest.json":"b8749e1910416f6def82adb4c4e453645f2050da6ba8530f28cb1f8891280fc4","/index.html":"1ed9fd45245268c750a706752afc03b53996208041cfcdc0e4177aab61cd4ee5","/static/css/2.d1c75e18.chunk.css":"c4ee314a65b0d4251f81151b8ada894cad0c09d5ece717ce177ea941a9eea720","/static/css/2.d1c75e18.chunk.css.map":"956f925b2539d1e3531a0029cd45cc58bec45f2d9f14fdcdcc5950deb2b71986","/static/js/2.2acbe19c.chunk.js.LICENSE.txt":"7c19c6ace827dcc32488b7f59e57c70d3ceb02a8f5627ca302b0bfcafa02b578","/static/js/main.d47c3942.chunk.js":"552f246afb3a3af5b1fa71b4ad58829b87fdb34fa2f9bd9cf27ba308ea7d5871","/static/js/runtime-main.8e251e86.js":"dbf5c7bf7a8c4cb680ee8f830c411fc631efc1f9e19b56ee2dad1dbac884a778","/static/js/runtime-main.8e251e86.js.map":"3ffb371caea852e9dcec95c99609d6acc551a49cd5cb9f225f74d05af17c86ff","/static/js/main.d47c3942.chunk.js.map":"9c5feae34b7ade30ef2226105dd63751ae8cfb4ee271d1bdf6afa04f37283fa1","/favicon.ico":"26ab37c7c53ab7667910c1ccf04d3ebd0db2efd649c251f5d86527f472b9d6b0","/static/media/RobotoMono-Regular.418a8f9f.ttf":"3d0593d247a78a65ed71773367e65d176ff744d197cfdf1d130704ef93bf346d","/static/media/Montserrat-SemiBold.fa8441f3.ttf":"b6d42ef3be0814eea9a1b301aeb7b1306c44eb7976d7fdd69f5fe9ecaf318b64","/static/media/Montserrat-Bold.079ca05d.ttf":"bb83995e910af13d7abd5511c40cc742a5e41f3f76b2c07a4bbc0e7e2979d561","/static/js/2.2acbe19c.chunk.js":"ca200f28f22f3a5d48b0abaca17a330228e2c39c5ef532e6768462723cdb901a","/static/js/2.2acbe19c.chunk.js.map":"9b1f1ad9ac361e4b3dc72b893a8698c22691cc9de0acc378ec3e28130e105eda"}}
[debug] [2021-07-14T13:07:45.598Z] <<< [apiv2][status] POST https://firebasehosting.googleapis.com/v1beta1/sites/drawza/versions/98286cbb7509598c:populateFiles 200
[debug] [2021-07-14T13:07:45.598Z] <<< [apiv2][body] POST https://firebasehosting.googleapis.com/v1beta1/sites/drawza/versions/98286cbb7509598c:populateFiles {"uploadRequiredHashes":["b8749e1910416f6def82adb4c4e453645f2050da6ba8530f28cb1f8891280fc4","552f246afb3a3af5b1fa71b4ad58829b87fdb34fa2f9bd9cf27ba308ea7d5871","1ed9fd45245268c750a706752afc03b53996208041cfcdc0e4177aab61cd4ee5","9c5feae34b7ade30ef2226105dd63751ae8cfb4ee271d1bdf6afa04f37283fa1"],"uploadUrl":"https://upload-firebasehosting.googleapis.com/upload/sites/drawza/versions/98286cbb7509598c/files"}
[debug] [2021-07-14T13:07:45.603Z] >>> [apiv2][query] POST https://upload-firebasehosting.googleapis.com/upload/sites/drawza/versions/98286cbb7509598c/files/b8749e1910416f6def82adb4c4e453645f2050da6ba8530f28cb1f8891280fc4 [none]
[debug] [2021-07-14T13:07:45.604Z] >>> [apiv2][body] POST https://upload-firebasehosting.googleapis.com/upload/sites/drawza/versions/98286cbb7509598c/files/b8749e1910416f6def82adb4c4e453645f2050da6ba8530f28cb1f8891280fc4 [stream]
[debug] [2021-07-14T13:07:45.607Z] >>> [apiv2][query] POST https://upload-firebasehosting.googleapis.com/upload/sites/drawza/versions/98286cbb7509598c/files/552f246afb3a3af5b1fa71b4ad58829b87fdb34fa2f9bd9cf27ba308ea7d5871 [none]
[debug] [2021-07-14T13:07:45.608Z] >>> [apiv2][body] POST https://upload-firebasehosting.googleapis.com/upload/sites/drawza/versions/98286cbb7509598c/files/552f246afb3a3af5b1fa71b4ad58829b87fdb34fa2f9bd9cf27ba308ea7d5871 [stream]
[debug] [2021-07-14T13:07:45.610Z] >>> [apiv2][query] POST https://upload-firebasehosting.googleapis.com/upload/sites/drawza/versions/98286cbb7509598c/files/1ed9fd45245268c750a706752afc03b53996208041cfcdc0e4177aab61cd4ee5 [none]
[debug] [2021-07-14T13:07:45.611Z] >>> [apiv2][body] POST https://upload-firebasehosting.googleapis.com/upload/sites/drawza/versions/98286cbb7509598c/files/1ed9fd45245268c750a706752afc03b53996208041cfcdc0e4177aab61cd4ee5 [stream]
[debug] [2021-07-14T13:07:45.614Z] >>> [apiv2][query] POST https://upload-firebasehosting.googleapis.com/upload/sites/drawza/versions/98286cbb7509598c/files/9c5feae34b7ade30ef2226105dd63751ae8cfb4ee271d1bdf6afa04f37283fa1 [none]
[debug] [2021-07-14T13:07:45.614Z] >>> [apiv2][body] POST https://upload-firebasehosting.googleapis.com/upload/sites/drawza/versions/98286cbb7509598c/files/9c5feae34b7ade30ef2226105dd63751ae8cfb4ee271d1bdf6afa04f37283fa1 [stream]
[debug] [2021-07-14T13:07:45.617Z] [hosting][populate queue][FINAL] {"max":3014,"min":3014,"avg":3014,"active":0,"complete":1,"success":1,"errored":0,"retried":0,"total":1,"elapsed":3028}
[debug] [2021-07-14T13:07:45.618Z] [hosting] uploads queued: 4
[debug] [2021-07-14T13:07:47.516Z] <<< [apiv2][status] POST https://upload-firebasehosting.googleapis.com/upload/sites/drawza/versions/98286cbb7509598c/files/552f246afb3a3af5b1fa71b4ad58829b87fdb34fa2f9bd9cf27ba308ea7d5871 200
[debug] [2021-07-14T13:07:47.517Z] <<< [apiv2][body] POST https://upload-firebasehosting.googleapis.com/upload/sites/drawza/versions/98286cbb7509598c/files/552f246afb3a3af5b1fa71b4ad58829b87fdb34fa2f9bd9cf27ba308ea7d5871 [stream]
[debug] [2021-07-14T13:07:47.520Z] <<< [apiv2][status] POST https://upload-firebasehosting.googleapis.com/upload/sites/drawza/versions/98286cbb7509598c/files/9c5feae34b7ade30ef2226105dd63751ae8cfb4ee271d1bdf6afa04f37283fa1 200
[debug] [2021-07-14T13:07:47.520Z] <<< [apiv2][body] POST https://upload-firebasehosting.googleapis.com/upload/sites/drawza/versions/98286cbb7509598c/files/9c5feae34b7ade30ef2226105dd63751ae8cfb4ee271d1bdf6afa04f37283fa1 [stream]
[debug] [2021-07-14T13:07:47.522Z] <<< [apiv2][status] POST https://upload-firebasehosting.googleapis.com/upload/sites/drawza/versions/98286cbb7509598c/files/b8749e1910416f6def82adb4c4e453645f2050da6ba8530f28cb1f8891280fc4 200
[debug] [2021-07-14T13:07:47.523Z] <<< [apiv2][body] POST https://upload-firebasehosting.googleapis.com/upload/sites/drawza/versions/98286cbb7509598c/files/b8749e1910416f6def82adb4c4e453645f2050da6ba8530f28cb1f8891280fc4 [stream]
[debug] [2021-07-14T13:07:47.532Z] <<< [apiv2][status] POST https://upload-firebasehosting.googleapis.com/upload/sites/drawza/versions/98286cbb7509598c/files/1ed9fd45245268c750a706752afc03b53996208041cfcdc0e4177aab61cd4ee5 200
[debug] [2021-07-14T13:07:47.532Z] <<< [apiv2][body] POST https://upload-firebasehosting.googleapis.com/upload/sites/drawza/versions/98286cbb7509598c/files/1ed9fd45245268c750a706752afc03b53996208041cfcdc0e4177aab61cd4ee5 [stream]
[debug] [2021-07-14T13:07:47.533Z] [hosting][upload queue][FINAL] {"max":1930,"min":1916,"avg":1922,"active":0,"complete":4,"success":4,"errored":0,"retried":0,"total":4,"elapsed":1934}
[info] ✔  hosting[drawza]: file upload complete 
[debug] [2021-07-14T13:07:47.535Z] [hosting] deploy completed after 5442ms
[debug] [2021-07-14T13:07:47.540Z] [
  {
    "config": {
      "public": "build",
      "ignore": [
        "firebase.json",
        "**/.*",
        "**/node_modules/**"
      ],
      "rewrites": [
        {
          "source": "**",
          "destination": "/index.html"
        }
      ],
      "site": "drawza"
    },
    "site": "drawza",
    "version": "sites/drawza/versions/98286cbb7509598c"
  }
]
[info] i  hosting[drawza]: finalizing version... 
[debug] [2021-07-14T13:07:47.542Z] > refreshing access token with scopes: ["email","https://www.googleapis.com/auth/cloud-platform","https://www.googleapis.com/auth/cloudplatformprojects.readonly","https://www.googleapis.com/auth/firebase","openid"]
[debug] [2021-07-14T13:07:47.543Z] >>> HTTP REQUEST POST https://www.googleapis.com/oauth2/v3/token  
 <request body omitted>
[debug] [2021-07-14T13:07:47.912Z] <<< HTTP RESPONSE 200 {"cache-control":"no-cache, no-store, max-age=0, must-revalidate","date":"Wed, 14 Jul 2021 13:07:47 GMT","pragma":"no-cache","expires":"Mon, 01 Jan 1990 00:00:00 GMT","content-type":"application/json; charset=utf-8","vary":"X-Origin, Referer, Origin,Accept-Encoding","server":"scaffolding on HTTPServer2","x-xss-protection":"0","x-frame-options":"SAMEORIGIN","x-content-type-options":"nosniff","alt-svc":"h3=\":443\"; ma=2592000,h3-29=\":443\"; ma=2592000,h3-T051=\":443\"; ma=2592000,h3-Q050=\":443\"; ma=2592000,h3-Q046=\":443\"; ma=2592000,h3-Q043=\":443\"; ma=2592000,quic=\":443\"; ma=2592000; v=\"46,43\"","accept-ranges":"none","transfer-encoding":"chunked"}
[debug] [2021-07-14T13:07:47.928Z] >>> HTTP REQUEST PATCH https://firebasehosting.googleapis.com/v1beta1/sites/drawza/versions/98286cbb7509598c?updateMask=status  
 {"status":"FINALIZED"}
